{
"contracts/Marketplace.sol":{"l":{"20":15,"21":15,"25":4,"33":3,"34":3,"35":3,"37":3,"41":3,"45":2,"46":1,"50":2,"51":1,"55":2,"56":2,"57":2,"61":6,"62":5,"64":5,"65":5,"67":5,"69":5,"73":1,"74":1,"75":1,"76":1,"78":1,"79":1,"81":1,"85":7,"89":4,"90":4,"91":4,"93":4,"94":5,"95":4,"97":1,"101":4,"102":4},"path":"/home/himanshupal/ideas/marketplace-contracts/contracts/Marketplace.sol","s":{"1":15,"2":4,"3":3,"4":3,"5":3,"6":3,"7":3,"8":2,"9":2,"10":1,"11":2,"12":2,"13":2,"14":6,"15":5,"16":5,"17":5,"18":1,"19":1,"20":1,"21":1,"22":1,"23":7,"24":4,"25":4,"26":4,"27":4,"28":5,"29":4},"b":{"1":[15,0],"2":[2,1],"3":[1,1],"4":[5,1],"5":[4,1]},"f":{"1":15,"2":4,"3":3,"4":3,"5":2,"6":2,"7":2,"8":6,"9":1,"10":7,"11":4},"fnMap":{"1":{"name":"constructor","line":19,"loc":{"start":{"line":15,"column":4},"end":{"line":22,"column":4}}},"2":{"name":"_baseURI","line":24,"loc":{"start":{"line":24,"column":4},"end":{"line":26,"column":4}}},"3":{"name":"_transfer","line":28,"loc":{"start":{"line":28,"column":4},"end":{"line":38,"column":4}}},"4":{"name":"baseURI","line":40,"loc":{"start":{"line":40,"column":4},"end":{"line":42,"column":4}}},"5":{"name":"setBaseURI","line":44,"loc":{"start":{"line":44,"column":4},"end":{"line":47,"column":4}}},"6":{"name":"tokenURI","line":49,"loc":{"start":{"line":49,"column":4},"end":{"line":52,"column":4}}},"7":{"name":"tokenId","line":54,"loc":{"start":{"line":54,"column":4},"end":{"line":58,"column":4}}},"8":{"name":"mint","line":60,"loc":{"start":{"line":60,"column":4},"end":{"line":70,"column":4}}},"9":{"name":"burn","line":72,"loc":{"start":{"line":72,"column":4},"end":{"line":82,"column":4}}},"10":{"name":"userTokens","line":84,"loc":{"start":{"line":84,"column":4},"end":{"line":86,"column":4}}},"11":{"name":"removeFromList","line":88,"loc":{"start":{"line":88,"column":4},"end":{"line":103,"column":4}}}},"statementMap":{"1":{"start":{"line":20,"column":8},"end":{"line":20,"column":82}},"2":{"start":{"line":25,"column":8},"end":{"line":25,"column":24}},"3":{"start":{"line":33,"column":8},"end":{"line":33,"column":47}},"4":{"start":{"line":34,"column":8},"end":{"line":34,"column":58}},"5":{"start":{"line":35,"column":8},"end":{"line":35,"column":39}},"6":{"start":{"line":37,"column":8},"end":{"line":37,"column":44}},"7":{"start":{"line":41,"column":8},"end":{"line":41,"column":25}},"8":{"start":{"line":45,"column":8},"end":{"line":45,"column":82}},"9":{"start":{"line":50,"column":8},"end":{"line":50,"column":31}},"10":{"start":{"line":51,"column":8},"end":{"line":51,"column":84}},"11":{"start":{"line":55,"column":8},"end":{"line":55,"column":55}},"12":{"start":{"line":56,"column":8},"end":{"line":56,"column":31}},"13":{"start":{"line":57,"column":8},"end":{"line":57,"column":23}},"14":{"start":{"line":61,"column":8},"end":{"line":61,"column":86}},"15":{"start":{"line":62,"column":8},"end":{"line":62,"column":44}},"16":{"start":{"line":67,"column":8},"end":{"line":67,"column":39}},"17":{"start":{"line":69,"column":8},"end":{"line":69,"column":33}},"18":{"start":{"line":73,"column":8},"end":{"line":73,"column":49}},"19":{"start":{"line":74,"column":8},"end":{"line":74,"column":31}},"20":{"start":{"line":78,"column":8},"end":{"line":78,"column":47}},"21":{"start":{"line":79,"column":8},"end":{"line":79,"column":58}},"22":{"start":{"line":81,"column":8},"end":{"line":81,"column":28}},"23":{"start":{"line":85,"column":8},"end":{"line":85,"column":34}},"24":{"start":{"line":89,"column":8},"end":{"line":89,"column":43}},"25":{"start":{"line":90,"column":8},"end":{"line":90,"column":54}},"26":{"start":{"line":91,"column":8},"end":{"line":91,"column":22}},"27":{"start":{"line":93,"column":8},"end":{"line":93,"column":3035}},"28":{"start":{"line":94,"column":12},"end":{"line":94,"column":3088}},"29":{"start":{"line":102,"column":8},"end":{"line":102,"column":17}}},"branchMap":{"1":{"line":20,"type":"if","locations":[{"start":{"line":20,"column":8},"end":{"line":20,"column":8}},{"start":{"line":20,"column":8},"end":{"line":20,"column":8}}]},"2":{"line":44,"type":"if","locations":[{"start":{"line":44,"column":57},"end":{"line":44,"column":57}},{"start":{"line":44,"column":57},"end":{"line":44,"column":57}}]},"3":{"line":45,"type":"if","locations":[{"start":{"line":45,"column":8},"end":{"line":45,"column":8}},{"start":{"line":45,"column":8},"end":{"line":45,"column":8}}]},"4":{"line":61,"type":"if","locations":[{"start":{"line":61,"column":8},"end":{"line":61,"column":8}},{"start":{"line":61,"column":8},"end":{"line":61,"column":8}}]},"5":{"line":94,"type":"if","locations":[{"start":{"line":94,"column":12},"end":{"line":94,"column":12}},{"start":{"line":94,"column":12},"end":{"line":94,"column":12}}]}}}}
