{
"contracts/Marketplace.sol":{"l":{"20":3,"21":3,"22":3,"24":3,"28":2,"32":2,"33":2,"34":2,"38":6,"39":5,"41":5,"42":5,"44":5,"46":5,"50":1,"51":1,"52":1,"53":1,"55":1,"56":1,"58":1,"62":7,"66":4,"67":4,"68":4,"70":4,"71":5,"72":4,"74":1,"78":4,"79":4},"path":"/home/himanshupal/ideas/marketplace-contracts/contracts/Marketplace.sol","s":{"1":3,"2":3,"3":3,"4":3,"5":2,"6":2,"7":2,"8":2,"9":6,"10":5,"11":5,"12":5,"13":1,"14":1,"15":1,"16":1,"17":1,"18":7,"19":4,"20":4,"21":4,"22":4,"23":5,"24":4},"b":{"1":[5,1],"2":[4,1]},"f":{"1":12,"2":3,"3":2,"4":2,"5":6,"6":1,"7":7,"8":4},"fnMap":{"1":{"name":"constructor","line":13,"loc":{"start":{"line":13,"column":4},"end":{"line":13,"column":84}}},"2":{"name":"_transfer","line":15,"loc":{"start":{"line":15,"column":4},"end":{"line":25,"column":4}}},"3":{"name":"tokenURI","line":27,"loc":{"start":{"line":27,"column":4},"end":{"line":29,"column":4}}},"4":{"name":"tokenId","line":31,"loc":{"start":{"line":31,"column":4},"end":{"line":35,"column":4}}},"5":{"name":"mint","line":37,"loc":{"start":{"line":37,"column":4},"end":{"line":47,"column":4}}},"6":{"name":"burn","line":49,"loc":{"start":{"line":49,"column":4},"end":{"line":59,"column":4}}},"7":{"name":"userTokens","line":61,"loc":{"start":{"line":61,"column":4},"end":{"line":63,"column":4}}},"8":{"name":"removeFromList","line":65,"loc":{"start":{"line":65,"column":4},"end":{"line":80,"column":4}}}},"statementMap":{"1":{"start":{"line":20,"column":8},"end":{"line":20,"column":47}},"2":{"start":{"line":21,"column":8},"end":{"line":21,"column":58}},"3":{"start":{"line":22,"column":8},"end":{"line":22,"column":39}},"4":{"start":{"line":24,"column":8},"end":{"line":24,"column":44}},"5":{"start":{"line":28,"column":8},"end":{"line":28,"column":41}},"6":{"start":{"line":32,"column":8},"end":{"line":32,"column":55}},"7":{"start":{"line":33,"column":8},"end":{"line":33,"column":31}},"8":{"start":{"line":34,"column":8},"end":{"line":34,"column":23}},"9":{"start":{"line":38,"column":8},"end":{"line":38,"column":86}},"10":{"start":{"line":39,"column":8},"end":{"line":39,"column":44}},"11":{"start":{"line":44,"column":8},"end":{"line":44,"column":39}},"12":{"start":{"line":46,"column":8},"end":{"line":46,"column":33}},"13":{"start":{"line":50,"column":8},"end":{"line":50,"column":49}},"14":{"start":{"line":51,"column":8},"end":{"line":51,"column":31}},"15":{"start":{"line":55,"column":8},"end":{"line":55,"column":47}},"16":{"start":{"line":56,"column":8},"end":{"line":56,"column":58}},"17":{"start":{"line":58,"column":8},"end":{"line":58,"column":28}},"18":{"start":{"line":62,"column":8},"end":{"line":62,"column":34}},"19":{"start":{"line":66,"column":8},"end":{"line":66,"column":43}},"20":{"start":{"line":67,"column":8},"end":{"line":67,"column":54}},"21":{"start":{"line":68,"column":8},"end":{"line":68,"column":22}},"22":{"start":{"line":70,"column":8},"end":{"line":70,"column":2294}},"23":{"start":{"line":71,"column":12},"end":{"line":71,"column":2347}},"24":{"start":{"line":79,"column":8},"end":{"line":79,"column":17}}},"branchMap":{"1":{"line":38,"type":"if","locations":[{"start":{"line":38,"column":8},"end":{"line":38,"column":8}},{"start":{"line":38,"column":8},"end":{"line":38,"column":8}}]},"2":{"line":71,"type":"if","locations":[{"start":{"line":71,"column":12},"end":{"line":71,"column":12}},{"start":{"line":71,"column":12},"end":{"line":71,"column":12}}]}}}}
