TN:
SF:/home/himanshupal/ideas/marketplace-contracts/contracts/Marketplace.sol
FN:19,constructor
FN:24,_baseURI
FN:28,_transfer
FN:40,baseURI
FN:44,setBaseURI
FN:49,tokenURI
FN:54,tokenId
FN:60,mint
FN:72,burn
FN:84,userTokens
FN:88,removeFromList
FNF:11
FNH:11
FNDA:15,constructor
FNDA:4,_baseURI
FNDA:3,_transfer
FNDA:3,baseURI
FNDA:2,setBaseURI
FNDA:2,tokenURI
FNDA:2,tokenId
FNDA:6,mint
FNDA:1,burn
FNDA:7,userTokens
FNDA:4,removeFromList
DA:20,15
DA:21,15
DA:25,4
DA:33,3
DA:34,3
DA:35,3
DA:37,3
DA:41,3
DA:45,2
DA:46,1
DA:50,2
DA:51,1
DA:55,2
DA:56,2
DA:57,2
DA:61,6
DA:62,5
DA:64,5
DA:65,5
DA:67,5
DA:69,5
DA:73,1
DA:74,1
DA:75,1
DA:76,1
DA:78,1
DA:79,1
DA:81,1
DA:85,7
DA:89,4
DA:90,4
DA:91,4
DA:93,4
DA:94,5
DA:95,4
DA:97,1
DA:101,4
DA:102,4
LF:38
LH:38
BRDA:20,1,0,15
BRDA:20,1,1,0
BRDA:44,2,0,2
BRDA:44,2,1,1
BRDA:45,3,0,1
BRDA:45,3,1,1
BRDA:61,4,0,5
BRDA:61,4,1,1
BRDA:94,5,0,4
BRDA:94,5,1,1
BRF:10
BRH:9
end_of_record
