TN:
SF:/home/himanshupal/ideas/marketplace-contracts/contracts/Marketplace.sol
FN:21,constructor
FN:26,_baseURI
FN:30,_transfer
FN:41,baseURI
FN:45,setBaseURI
FN:50,tokenURI
FN:55,tokenId
FN:61,mint
FN:73,burn
FN:85,userTokens
FN:89,userTokensCount
FNF:11
FNH:11
FNDA:15,constructor
FNDA:4,_baseURI
FNDA:3,_transfer
FNDA:3,baseURI
FNDA:2,setBaseURI
FNDA:2,tokenURI
FNDA:2,tokenId
FNDA:6,mint
FNDA:1,burn
FNDA:5,userTokens
FNDA:2,userTokensCount
DA:22,15
DA:23,15
DA:27,4
DA:35,3
DA:36,3
DA:38,3
DA:42,3
DA:46,2
DA:47,1
DA:51,2
DA:52,1
DA:56,2
DA:57,2
DA:58,2
DA:62,6
DA:63,5
DA:65,5
DA:66,5
DA:68,5
DA:70,5
DA:74,1
DA:75,1
DA:76,1
DA:77,1
DA:79,1
DA:80,1
DA:82,1
DA:86,5
DA:90,2
LF:29
LH:29
BRDA:22,1,0,15
BRDA:22,1,1,0
BRDA:45,2,0,2
BRDA:45,2,1,1
BRDA:46,3,0,1
BRDA:46,3,1,1
BRDA:62,4,0,5
BRDA:62,4,1,1
BRF:8
BRH:7
end_of_record
